2019-08-19 07:24:00,231  INFO [main] nopCommerce:40 - ********* Launching Browser **************
2019-08-19 07:24:12,074  INFO [main] nopCommerce:71 - ********* Opening URL **************
2019-08-19 07:24:15,173  INFO [main] nopCommerce:78 - ********* Providing User and Password **************
2019-08-19 07:24:15,553  INFO [main] nopCommerce:85 - ********* Clicking on Login **************
2019-08-19 07:24:30,233  INFO [main] nopCommerce:124 - ********* Verifying Dashboad page title after login successful **************
2019-08-19 07:24:33,250  INFO [main] nopCommerce:132 - ********* Clicking on customer main menu **************
2019-08-19 07:24:35,537  INFO [main] nopCommerce:139 - ********* Clicking on customer sub menu **************
2019-08-19 07:24:43,602  INFO [main] nopCommerce:156 - *********Proving customer info **************
2019-08-19 07:24:51,577  INFO [main] nopCommerce:177 - ********* Saving customer details **************
2019-08-19 07:24:57,526  INFO [main] nopCommerce:115 - ********* Closing browser **************
2019-08-19 07:24:59,389  INFO [main] nopCommerce:40 - ********* Launching Browser **************
2019-08-19 07:25:03,836  INFO [main] nopCommerce:71 - ********* Opening URL **************
2019-08-19 07:25:06,839  INFO [main] nopCommerce:78 - ********* Providing User and Password **************
2019-08-19 07:25:07,070  INFO [main] nopCommerce:85 - ********* Clicking on Login **************
2019-08-19 07:25:16,632  INFO [main] nopCommerce:124 - ********* Verifying Dashboad page title after login successful **************
2019-08-19 07:25:19,651  INFO [main] nopCommerce:132 - ********* Clicking on customer main menu **************
2019-08-19 07:25:21,926  INFO [main] nopCommerce:139 - ********* Clicking on customer sub menu **************
2019-08-19 07:25:23,946  INFO [main] nopCommerce:192 - ********* Searching customer details by Email **************
2019-08-19 07:25:24,483  INFO [main] nopCommerce:40 - ********* Launching Browser **************
2019-08-19 07:25:30,050  INFO [main] nopCommerce:71 - ********* Opening URL **************
2019-08-19 07:25:31,817  INFO [main] nopCommerce:78 - ********* Providing User and Password **************
2019-08-19 07:25:32,160  INFO [main] nopCommerce:85 - ********* Clicking on Login **************
2019-08-19 07:25:38,502  INFO [main] nopCommerce:124 - ********* Verifying Dashboad page title after login successful **************
2019-08-19 07:25:41,525  INFO [main] nopCommerce:132 - ********* Clicking on customer main menu **************
2019-08-19 07:25:43,827  INFO [main] nopCommerce:139 - ********* Clicking on customer sub menu **************
2019-08-19 07:25:46,030  INFO [main] nopCommerce:211 - ********* Searching customer details by Name **************
2019-08-19 07:26:42,955  INFO [main] nopCommerce:40 - ********* Launching Browser **************
2019-08-19 07:26:49,513  INFO [main] nopCommerce:71 - ********* Opening URL **************
2019-08-19 07:26:52,333  INFO [main] nopCommerce:78 - ********* Providing User and Password **************
2019-08-19 07:26:52,551  INFO [main] nopCommerce:85 - ********* Clicking on Login **************
2019-08-19 07:27:40,703  INFO [main] nopCommerce:40 - ********* Launching Browser **************
2019-08-19 07:27:48,903  INFO [main] nopCommerce:71 - ********* Opening URL **************
2019-08-19 07:27:51,251  INFO [main] nopCommerce:78 - ********* Providing User and Password **************
2019-08-19 07:27:51,440  INFO [main] nopCommerce:85 - ********* Clicking on Login **************
2019-08-19 07:27:58,204  INFO [main] nopCommerce:124 - ********* Verifying Dashboad page title after login successful **************
2019-08-19 07:28:01,240  INFO [main] nopCommerce:132 - ********* Clicking on customer main menu **************
2019-08-19 07:28:03,534  INFO [main] nopCommerce:139 - ********* Clicking on customer sub menu **************
2019-08-19 07:28:09,010  INFO [main] nopCommerce:156 - *********Proving customer info **************
2019-08-19 07:28:16,829  INFO [main] nopCommerce:177 - ********* Saving customer details **************
2019-08-19 07:28:22,358  INFO [main] nopCommerce:115 - ********* Closing browser **************
2019-08-19 07:28:26,116  INFO [main] nopCommerce:40 - ********* Launching Browser **************
2019-08-19 07:28:31,789  INFO [main] nopCommerce:71 - ********* Opening URL **************
2019-08-19 07:28:34,986  INFO [main] nopCommerce:78 - ********* Providing User and Password **************
2019-08-19 07:28:35,201  INFO [main] nopCommerce:85 - ********* Clicking on Login **************
2019-08-19 07:28:41,867  INFO [main] nopCommerce:99 - ********* Login Successful **************
2019-08-19 07:28:44,894  INFO [main] nopCommerce:108 - ********* Clicking on Logout **************
2019-08-19 07:28:49,499  INFO [main] nopCommerce:99 - ********* Login Successful **************
2019-08-19 07:28:52,510  INFO [main] nopCommerce:115 - ********* Closing browser **************
2019-08-19 07:28:54,379  INFO [main] nopCommerce:40 - ********* Launching Browser **************
2019-08-19 07:29:01,198  INFO [main] nopCommerce:71 - ********* Opening URL **************
2019-08-19 07:29:04,123  INFO [main] nopCommerce:78 - ********* Providing User and Password **************
2019-08-19 07:29:04,286  INFO [main] nopCommerce:85 - ********* Clicking on Login **************
2019-08-19 07:29:11,586  INFO [main] nopCommerce:99 - ********* Login Successful **************
2019-08-19 07:29:14,600  INFO [main] nopCommerce:108 - ********* Clicking on Logout **************
2019-08-19 07:29:19,149  INFO [main] nopCommerce:99 - ********* Login Successful **************
2019-08-19 07:29:22,158  INFO [main] nopCommerce:115 - ********* Closing browser **************
2019-08-19 07:29:24,055  INFO [main] nopCommerce:40 - ********* Launching Browser **************
2019-08-19 07:29:32,315  INFO [main] nopCommerce:71 - ********* Opening URL **************
2019-08-19 07:29:35,273  INFO [main] nopCommerce:78 - ********* Providing User and Password **************
2019-08-19 07:29:35,509  INFO [main] nopCommerce:85 - ********* Clicking on Login **************
2019-08-19 07:29:37,099  INFO [main] nopCommerce:94 - ********* Login Failed **************
2019-08-19 07:35:51,384  INFO [main] nopCommerce:40 - ********* Launching Browser **************
2019-08-19 07:35:58,057  INFO [main] nopCommerce:71 - ********* Opening URL **************
2019-08-19 07:36:02,274  INFO [main] nopCommerce:78 - ********* Providing User and Password **************
2019-08-19 07:36:04,608  INFO [main] nopCommerce:85 - ********* Clicking on Login **************
2019-08-19 07:36:12,065  INFO [main] nopCommerce:124 - ********* Verifying Dashboad page title after login successful **************
2019-08-19 07:36:15,094  INFO [main] nopCommerce:132 - ********* Clicking on customer main menu **************
2019-08-19 07:36:17,722  INFO [main] nopCommerce:139 - ********* Clicking on customer sub menu **************
2019-08-19 07:36:29,165  INFO [main] nopCommerce:156 - *********Proving customer info **************
2019-08-19 07:36:42,100  INFO [main] nopCommerce:177 - ********* Saving customer details **************
2019-08-19 07:36:47,621  INFO [main] nopCommerce:115 - ********* Closing browser **************
2019-08-19 07:36:48,340  INFO [main] nopCommerce:40 - ********* Launching Browser **************
2019-08-19 07:36:51,962  INFO [main] nopCommerce:71 - ********* Opening URL **************
2019-08-19 07:36:54,635  INFO [main] nopCommerce:78 - ********* Providing User and Password **************
2019-08-19 07:36:57,807  INFO [main] nopCommerce:85 - ********* Clicking on Login **************
2019-08-19 07:37:05,520  INFO [main] nopCommerce:99 - ********* Login Successful **************
2019-08-19 07:37:08,543  INFO [main] nopCommerce:108 - ********* Clicking on Logout **************
2019-08-19 07:37:13,604  INFO [main] nopCommerce:99 - ********* Login Successful **************
2019-08-19 07:37:16,624  INFO [main] nopCommerce:115 - ********* Closing browser **************
2019-08-20 06:42:41,662  INFO [main] nopCommerce:40 - ********* Launching Browser **************
2019-08-20 06:42:46,772  INFO [main] nopCommerce:71 - ********* Opening URL **************
2019-08-20 06:42:49,634  INFO [main] nopCommerce:78 - ********* Providing User and Password **************
2019-08-20 06:42:51,609  INFO [main] nopCommerce:85 - ********* Clicking on Login **************
2019-08-20 06:43:04,257  INFO [main] nopCommerce:124 - ********* Verifying Dashboad page title after login successful **************
2019-08-20 06:43:07,283  INFO [main] nopCommerce:132 - ********* Clicking on customer main menu **************
2019-08-20 06:43:10,007  INFO [main] nopCommerce:139 - ********* Clicking on customer sub menu **************
2019-08-20 06:43:23,170  INFO [main] nopCommerce:156 - *********Proving customer info **************
2019-08-20 06:43:35,844  INFO [main] nopCommerce:177 - ********* Saving customer details **************
2019-08-20 06:43:41,715  INFO [main] nopCommerce:115 - ********* Closing browser **************
2019-08-20 06:43:42,466  INFO [main] nopCommerce:40 - ********* Launching Browser **************
2019-08-20 06:43:45,004  INFO [main] nopCommerce:71 - ********* Opening URL **************
2019-08-20 06:43:47,682  INFO [main] nopCommerce:78 - ********* Providing User and Password **************
2019-08-20 06:43:50,905  INFO [main] nopCommerce:85 - ********* Clicking on Login **************
2019-08-20 06:43:58,063  INFO [main] nopCommerce:99 - ********* Login Successful **************
2019-08-20 06:44:01,142  INFO [main] nopCommerce:108 - ********* Clicking on Logout **************
2019-08-20 06:44:06,219  INFO [main] nopCommerce:99 - ********* Login Successful **************
2019-08-20 06:44:09,244  INFO [main] nopCommerce:115 - ********* Closing browser **************
2019-08-20 06:46:28,686  INFO [main] nopCommerce:40 - ********* Launching Browser **************
2019-08-20 06:46:34,239  INFO [main] nopCommerce:71 - ********* Opening URL **************
2019-08-20 06:46:36,678  INFO [main] nopCommerce:78 - ********* Providing User and Password **************
2019-08-20 06:46:38,549  INFO [main] nopCommerce:85 - ********* Clicking on Login **************
2019-08-20 06:46:43,624  INFO [main] nopCommerce:124 - ********* Verifying Dashboad page title after login successful **************
2019-08-20 06:46:46,764  INFO [main] nopCommerce:132 - ********* Clicking on customer main menu **************
2019-08-20 06:46:49,326  INFO [main] nopCommerce:139 - ********* Clicking on customer sub menu **************
2019-08-20 06:46:56,383  INFO [main] nopCommerce:156 - *********Proving customer info **************
2019-08-20 06:47:08,985  INFO [main] nopCommerce:177 - ********* Saving customer details **************
2019-08-20 06:47:14,289  INFO [main] nopCommerce:115 - ********* Closing browser **************
2019-08-20 06:47:14,962  INFO [main] nopCommerce:40 - ********* Launching Browser **************
2019-08-20 06:47:17,641  INFO [main] nopCommerce:71 - ********* Opening URL **************
2019-08-20 06:47:20,710  INFO [main] nopCommerce:78 - ********* Providing User and Password **************
2019-08-20 06:47:22,713  INFO [main] nopCommerce:85 - ********* Clicking on Login **************
2019-08-20 06:47:29,506  INFO [main] nopCommerce:99 - ********* Login Successful **************
2019-08-20 06:47:32,672  INFO [main] nopCommerce:108 - ********* Clicking on Logout **************
2019-08-20 06:47:37,645  INFO [main] nopCommerce:99 - ********* Login Successful **************
2019-08-20 06:47:40,668  INFO [main] nopCommerce:115 - ********* Closing browser **************
2019-08-20 07:01:15,679  INFO [main] nopCommerce:40 - ********* Launching Browser **************
2019-08-20 07:01:20,080  INFO [main] nopCommerce:71 - ********* Opening URL **************
2019-08-20 07:01:22,792  INFO [main] nopCommerce:78 - ********* Providing User and Password **************
2019-08-20 07:01:24,936  INFO [main] nopCommerce:85 - ********* Clicking on Login **************
2019-08-20 07:01:31,486  INFO [main] nopCommerce:124 - ********* Verifying Dashboad page title after login successful **************
2019-08-20 07:01:34,584  INFO [main] nopCommerce:132 - ********* Clicking on customer main menu **************
2019-08-20 07:01:37,356  INFO [main] nopCommerce:139 - ********* Clicking on customer sub menu **************
2019-08-20 07:01:45,087  INFO [main] nopCommerce:156 - *********Proving customer info **************
2019-08-20 07:01:58,053  INFO [main] nopCommerce:177 - ********* Saving customer details **************
2019-08-20 07:02:03,460  INFO [main] nopCommerce:115 - ********* Closing browser **************
2019-08-20 07:02:04,050  INFO [main] nopCommerce:40 - ********* Launching Browser **************
2019-08-20 07:02:07,264  INFO [main] nopCommerce:71 - ********* Opening URL **************
2019-08-20 07:02:10,098  INFO [main] nopCommerce:78 - ********* Providing User and Password **************
2019-08-20 07:02:12,144  INFO [main] nopCommerce:85 - ********* Clicking on Login **************
2019-08-20 07:02:17,903  INFO [main] nopCommerce:99 - ********* Login Successful **************
2019-08-20 07:02:20,934  INFO [main] nopCommerce:108 - ********* Clicking on Logout **************
2019-08-20 07:02:26,079  INFO [main] nopCommerce:99 - ********* Login Successful **************
2019-08-20 07:02:29,100  INFO [main] nopCommerce:115 - ********* Closing browser **************
2019-08-20 07:05:11,925  INFO [main] nopCommerce:40 - ********* Launching Browser **************
2019-08-20 07:05:15,341  INFO [main] nopCommerce:71 - ********* Opening URL **************
2019-08-20 07:05:17,172  INFO [main] nopCommerce:78 - ********* Providing User and Password **************
2019-08-20 07:05:19,034  INFO [main] nopCommerce:85 - ********* Clicking on Login **************
2019-08-20 07:05:25,211  INFO [main] nopCommerce:124 - ********* Verifying Dashboad page title after login successful **************
2019-08-20 07:05:28,242  INFO [main] nopCommerce:132 - ********* Clicking on customer main menu **************
2019-08-20 07:05:30,874  INFO [main] nopCommerce:139 - ********* Clicking on customer sub menu **************
2019-08-20 07:05:38,488  INFO [main] nopCommerce:156 - *********Proving customer info **************
2019-08-20 07:05:51,421  INFO [main] nopCommerce:177 - ********* Saving customer details **************
2019-08-20 07:05:56,953  INFO [main] nopCommerce:115 - ********* Closing browser **************
2019-08-20 07:05:57,533  INFO [main] nopCommerce:40 - ********* Launching Browser **************
2019-08-20 07:06:00,610  INFO [main] nopCommerce:71 - ********* Opening URL **************
2019-08-20 07:06:02,703  INFO [main] nopCommerce:78 - ********* Providing User and Password **************
2019-08-20 07:06:05,040  INFO [main] nopCommerce:85 - ********* Clicking on Login **************
2019-08-20 07:06:10,092  INFO [main] nopCommerce:99 - ********* Login Successful **************
2019-08-20 07:06:13,142  INFO [main] nopCommerce:108 - ********* Clicking on Logout **************
2019-08-20 07:06:18,292  INFO [main] nopCommerce:99 - ********* Login Successful **************
2019-08-20 07:06:21,312  INFO [main] nopCommerce:115 - ********* Closing browser **************
